     diagonalizing the dynamical matrix ...

 q =       0.0000      0.0000      0.0000
 **************************************************************************
     freq (    1) =      -0.000000 [THz] =      -0.000001 [cm-1]
 (  0.188697   0.000000    -0.404606   0.000000    -0.026217   0.000000   )
 (  0.188697   0.000000    -0.404606   0.000000    -0.026217   0.000000   )
 (  0.188697   0.000000    -0.404606   0.000000    -0.026217   0.000000   )
 (  0.188697   0.000000    -0.404606   0.000000    -0.026217   0.000000   )
 (  0.188697   0.000000    -0.404606   0.000000    -0.026217   0.000000   )
     freq (    2) =       0.000000 [THz] =       0.000001 [cm-1]
 ( -0.399880   0.000000    -0.180934   0.000000    -0.085785   0.000000   )
 ( -0.399880   0.000000    -0.180934   0.000000    -0.085785   0.000000   )
 ( -0.399880   0.000000    -0.180934   0.000000    -0.085785   0.000000   )
 ( -0.399880   0.000000    -0.180934   0.000000    -0.085785   0.000000   )
 ( -0.399880   0.000000    -0.180934   0.000000    -0.085785   0.000000   )
     freq (    3) =       0.000000 [THz] =       0.000001 [cm-1]
 ( -0.067005   0.000000    -0.059638   0.000000     0.438125  -0.000000   )
 ( -0.067005   0.000000    -0.059638   0.000000     0.438125  -0.000000   )
 ( -0.067005   0.000000    -0.059638   0.000000     0.438125  -0.000000   )
 ( -0.067005   0.000000    -0.059638   0.000000     0.438125  -0.000000   )
 ( -0.067005   0.000000    -0.059638   0.000000     0.438125   0.000000   )
     freq (    4) =       0.241861 [THz] =       8.067612 [cm-1]
 (  0.716771  -0.000000    -0.499106   0.000000    -0.007177   0.000000   )
 ( -0.108551   0.000000     0.075587  -0.000000     0.001087  -0.000000   )
 ( -0.146061   0.000000     0.175148  -0.000000     0.002519  -0.000000   )
 ( -0.251532   0.000000     0.175148  -0.000000     0.001462  -0.000000   )
 ( -0.251532   0.000000     0.101706  -0.000000     0.002519  -0.000000   )
     freq (    5) =       0.241861 [THz] =       8.067612 [cm-1]
 (  0.006120   0.000000    -0.003771   0.000000     0.873423   0.000000   )
 ( -0.000927   0.000000     0.000571   0.000000    -0.132275   0.000000   )
 ( -0.001247   0.000000     0.001323   0.000000    -0.306504   0.000000   )
 ( -0.002147   0.000000     0.001323   0.000000    -0.177982   0.000000   )
 ( -0.002147   0.000000     0.000768   0.000000    -0.306504   0.000000   )
     freq (    6) =       0.241861 [THz] =       8.067612 [cm-1]
 (  0.499120   0.000000     0.716797   0.000000    -0.000402   0.000000   )
 ( -0.075589   0.000000    -0.108555   0.000000     0.000061   0.000000   )
 ( -0.101709   0.000000    -0.251541   0.000000     0.000141   0.000000   )
 ( -0.175153   0.000000    -0.251541   0.000000     0.000082   0.000000   )
 ( -0.175153   0.000000    -0.146066   0.000000     0.000141   0.000000   )
     freq (    7) =       0.694290 [THz] =      23.159021 [cm-1]
 (  0.000000   0.000000    -0.000000   0.000000     0.000000   0.000000   )
 ( -0.000000   0.000000    -0.000000   0.000000     0.000000   0.000000   )
 ( -0.000000   0.000000     0.020671   0.000000    -0.019928   0.000000   )
 (  0.706524   0.000000    -0.020671   0.000000    -0.000000   0.000000   )
 ( -0.706524   0.000000    -0.000000   0.000000     0.019928   0.000000   )
     freq (    8) =       0.694290 [THz] =      23.159021 [cm-1]
 ( -0.000000   0.000000    -0.000000   0.000000    -0.000000   0.000000   )
 ( -0.000000   0.000000    -0.000000   0.000000    -0.000000   0.000000   )
 ( -0.000000   0.000000    -0.706804   0.000000    -0.000038   0.000000   )
 (  0.020678   0.000000     0.706804   0.000000    -0.000000   0.000000   )
 ( -0.020678   0.000000    -0.000000   0.000000     0.000038   0.000000   )
     freq (    9) =       0.694290 [THz] =      23.159021 [cm-1]
 (  0.000000   0.000000    -0.000000   0.000000     0.000000   0.000000   )
 ( -0.000000   0.000000     0.000000   0.000000    -0.000000   0.000000   )
 ( -0.000000   0.000000    -0.000545   0.000000    -0.706826   0.000000   )
 ( -0.019921   0.000000     0.000545   0.000000    -0.000000   0.000000   )
 (  0.019921   0.000000     0.000000   0.000000     0.706826   0.000000   )
     freq (   10) =       1.159735 [THz] =      38.684598 [cm-1]
 ( -0.126844   0.000000     0.016865   0.000000     0.002220   0.000000   )
 (  0.705281   0.000000    -0.093775   0.000000    -0.012343   0.000000   )
 (  0.325221   0.000000     0.056649   0.000000     0.007456   0.000000   )
 ( -0.426059   0.000000     0.056649   0.000000    -0.005691   0.000000   )
 ( -0.426059   0.000000    -0.043242   0.000000     0.007456   0.000000   )
     freq (   11) =       1.159735 [THz] =      38.684598 [cm-1]
 (  0.002226   0.000000    -0.000099   0.000000     0.127960   0.000000   )
 ( -0.012378   0.000000     0.000550   0.000000    -0.711487   0.000000   )
 ( -0.005708   0.000000    -0.000332   0.000000     0.429809   0.000000   )
 (  0.007478   0.000000    -0.000332   0.000000    -0.328083   0.000000   )
 (  0.007478   0.000000     0.000254   0.000000     0.429809  -0.000000   )
     freq (   12) =       1.159735 [THz] =      38.684598 [cm-1]
 (  0.016864   0.000000     0.126863   0.000000    -0.000195   0.000000   )
 ( -0.093770   0.000000    -0.705389   0.000000     0.001086   0.000000   )
 ( -0.043240   0.000000     0.426125   0.000000    -0.000656   0.000000   )
 (  0.056646   0.000000     0.426125   0.000000     0.000501   0.000000   )
 (  0.056646   0.000000    -0.325271   0.000000    -0.000656   0.000000   )
     freq (   13) =       2.344320 [THz] =      78.198112 [cm-1]
 ( -0.000062   0.000000    -0.004169   0.000000    -0.007595   0.000000   )
 ( -0.004089   0.000000    -0.272863   0.000000    -0.497068   0.000000   )
 (  0.005785   0.000000    -0.063248   0.000000    -0.115217   0.000000   )
 ( -0.000948   0.000000    -0.063248   0.000000     0.703360   0.000000   )
 ( -0.000948   0.000000     0.386106   0.000000    -0.115217   0.000000   )
     freq (   14) =       2.344320 [THz] =      78.198112 [cm-1]
 (  0.000114  -0.000000     0.007594  -0.000000    -0.004170   0.000000   )
 (  0.007447  -0.000000     0.497012  -0.000000    -0.272893   0.000000   )
 ( -0.010538   0.000000     0.115204  -0.000000    -0.063255   0.000000   )
 (  0.001726  -0.000000     0.115204  -0.000000     0.386149  -0.000000   )
 (  0.001726  -0.000000    -0.703281   0.000000    -0.063255   0.000000   )
     freq (   15) =       2.344320 [THz] =      78.198112 [cm-1]
 ( -0.008664   0.000000     0.000130   0.000000     0.000000   0.000000   )
 ( -0.566987   0.000000     0.008496   0.000000     0.000000   0.000000   )
 (  0.802297   0.000000     0.001969   0.000000    -0.000000   0.000000   )
 ( -0.131424   0.000000     0.001969   0.000000    -0.000000   0.000000   )
 ( -0.131424   0.000000    -0.012022   0.000000    -0.000000   0.000000   )
 **************************************************************************
