 Warning: Only a single CPU will be used!

     Program TDDFPT_PP v.7.2 starts on 11Mar2024 at  8:30:17 

     This program is part of the open-source Quantum ESPRESSO suite
     for quantum simulation of materials; please cite
         "P. Giannozzi et al., J. Phys.:Condens. Matter 21 395502 (2009);
         "P. Giannozzi et al., J. Phys.:Condens. Matter 29 465901 (2017);
         "P. Giannozzi et al., J. Chem. Phys. 152 154105 (2020);
          URL http://www.quantum-espresso.org", 
     in publications or presentations arising from this work. More details at
     http://www.quantum-espresso.org/quote

     Parallel version (MPI), running on     1 processors

     MPI processes distributed on     1 nodes
     427226 MiB available memory on the printing compute node when the environment starts


     Reading   5000 Lanczos steps for direction 1
       5000 steps will be considered


     Polarization direction:1
     Lanczos coefficients:
     Average =    20.13907169
     Average oscillation amplitude =     0.00366714
     Average alpha =     0.00008583     0.00000000
     Average alpha oscillation amplitude =    -0.00006414     0.00000000
     Average gamma =    20.13907169    -0.00000000
     Average gamma oscillation amplitude =     0.00366714     0.00000000
     Extrapolation =                      osc
      ip =   1
     Average beta =    20.13907169
     Average beta oscillation amplitude =     0.00366714
     Average alpha =     0.00000000     0.00000000
     Average alpha oscillation amplitude =     0.00000000     0.00000000
     Average gamma =    20.13907169     0.00000000
     Average gamma oscillation amplitude =     0.00366714     0.00000000

     Data ready, starting to calculate observables...

     Broadening =      0.50000000 meV

     Output file name: Femag.plot_chi.dat

     chi_i_j: magnetization-magnetization tensor  in units of mu_B^2 / meV

     TDDFPT_PP    :      0.22s CPU      0.24s WALL


   This run was terminated on:   8:30:17  11Mar2024            

=------------------------------------------------------------------------------=
   JOB DONE.
=------------------------------------------------------------------------------=
