     diagonalizing the dynamical matrix ...

 q =       0.0000      0.0000      0.0000
 **************************************************************************
     freq (    1) =      -0.000000 [THz] =      -0.000001 [cm-1]
 ( -0.001190   0.000000    -0.000745   0.000000     0.447211   0.000000   )
 ( -0.001190   0.000000    -0.000745   0.000000     0.447211   0.000000   )
 ( -0.001190   0.000000    -0.000745   0.000000     0.447211   0.000000   )
 ( -0.001190   0.000000    -0.000745   0.000000     0.447211   0.000000   )
 ( -0.001190   0.000000    -0.000745   0.000000     0.447211   0.000000   )
     freq (    2) =      -0.000000 [THz] =      -0.000001 [cm-1]
 (  0.381785   0.000000     0.232891   0.000000     0.001404   0.000000   )
 (  0.381785   0.000000     0.232891   0.000000     0.001404   0.000000   )
 (  0.381785   0.000000     0.232891   0.000000     0.001404   0.000000   )
 (  0.381785   0.000000     0.232891   0.000000     0.001404   0.000000   )
 (  0.381785   0.000000     0.232891   0.000000     0.001404   0.000000   )
     freq (    3) =       0.000000 [THz] =       0.000001 [cm-1]
 (  0.232893   0.000000    -0.381787   0.000000    -0.000016   0.000000   )
 (  0.232893   0.000000    -0.381787   0.000000    -0.000016   0.000000   )
 (  0.232893   0.000000    -0.381787   0.000000    -0.000016   0.000000   )
 (  0.232893   0.000000    -0.381787   0.000000    -0.000016   0.000000   )
 (  0.232893   0.000000    -0.381787   0.000000    -0.000016   0.000000   )
     freq (    4) =       0.241841 [THz] =       8.066960 [cm-1]
 (  0.842316   0.000000    -0.231135   0.000000    -0.000533   0.000000   )
 ( -0.127565   0.000000     0.035004   0.000000     0.000081   0.000000   )
 ( -0.171642   0.000000     0.081111   0.000000     0.000187   0.000000   )
 ( -0.295588   0.000000     0.081111   0.000000     0.000109   0.000000   )
 ( -0.295588   0.000000     0.047099   0.000000     0.000187   0.000000   )
     freq (    5) =       0.241841 [THz] =       8.066960 [cm-1]
 ( -0.230191   0.000000    -0.838690   0.000000    -0.080811   0.000000   )
 (  0.034861   0.000000     0.127016   0.000000     0.012238   0.000000   )
 (  0.046907   0.000000     0.294316   0.000000     0.028358   0.000000   )
 (  0.080779   0.000000     0.294316   0.000000     0.016467   0.000000   )
 (  0.080779   0.000000     0.170904   0.000000     0.028358   0.000000   )
     freq (    6) =       0.241841 [THz] =       8.066960 [cm-1]
 (  0.020873   0.000000     0.078071   0.000000    -0.869706   0.000000   )
 ( -0.003161   0.000000    -0.011823   0.000000     0.131713   0.000000   )
 ( -0.004253   0.000000    -0.027397   0.000000     0.305200   0.000000   )
 ( -0.007325   0.000000    -0.027397   0.000000     0.177224   0.000000   )
 ( -0.007325   0.000000    -0.015909   0.000000     0.305200   0.000000   )
     freq (    7) =       0.694005 [THz] =      23.149511 [cm-1]
 (  0.000000   0.000000    -0.000000   0.000000     0.000000   0.000000   )
 ( -0.000000   0.000000     0.000000   0.000000     0.000000   0.000000   )
 ( -0.000000   0.000000    -0.492430   0.000000    -0.000665   0.000000   )
 (  0.507457   0.000000     0.492430   0.000000    -0.000000   0.000000   )
 ( -0.507457   0.000000     0.000000   0.000000     0.000665   0.000000   )
     freq (    8) =       0.694005 [THz] =      23.149511 [cm-1]
 (  0.000000   0.000000    -0.000000   0.000000    -0.000000   0.000000   )
 ( -0.000000   0.000000     0.000000   0.000000     0.000000   0.000000   )
 ( -0.000000   0.000000     0.507440   0.000000    -0.006434   0.000000   )
 (  0.492405   0.000000    -0.507440   0.000000    -0.000000   0.000000   )
 ( -0.492405   0.000000     0.000000   0.000000     0.006434   0.000000   )
     freq (    9) =       0.694005 [THz] =      23.149511 [cm-1]
 (  0.000000   0.000000    -0.000000   0.000000    -0.000000   0.000000   )
 ( -0.000000   0.000000    -0.000000   0.000000     0.000000   0.000000   )
 (  0.000000   0.000000    -0.004154   0.000000    -0.707077   0.000000   )
 ( -0.004957   0.000000     0.004154   0.000000     0.000000   0.000000   )
 (  0.004957   0.000000    -0.000000   0.000000     0.707077   0.000000   )
     freq (   10) =       1.159738 [THz] =      38.684698 [cm-1]
 ( -0.014513   0.000000    -0.126528   0.000000     0.012605   0.000000   )
 (  0.080698   0.000000     0.703524   0.000000    -0.070085   0.000000   )
 (  0.037211   0.000000    -0.424996   0.000000     0.042338   0.000000   )
 ( -0.048749   0.000000    -0.424996   0.000000    -0.032317   0.000000   )
 ( -0.048749   0.000000     0.324407   0.000000     0.042338   0.000000   )
     freq (   11) =       1.159738 [THz] =      38.684698 [cm-1]
 (  0.001491  -0.000000     0.012516  -0.000000     0.127357  -0.000000   )
 ( -0.008288   0.000000    -0.069594   0.000000    -0.708137   0.000000   )
 ( -0.003822   0.000000     0.042041  -0.000000     0.427783  -0.000000   )
 (  0.005007  -0.000000     0.042041  -0.000000    -0.326535   0.000000   )
 (  0.005007  -0.000000    -0.032091   0.000000     0.427783  -0.000000   )
     freq (   12) =       1.159738 [THz] =      38.684698 [cm-1]
 ( -0.127145   0.000000     0.014590   0.000000     0.000054   0.000000   )
 (  0.706958   0.000000    -0.081122   0.000000    -0.000302   0.000000   )
 (  0.325991   0.000000     0.049005   0.000000     0.000182   0.000000   )
 ( -0.427071   0.000000     0.049005   0.000000    -0.000139   0.000000   )
 ( -0.427071   0.000000    -0.037407   0.000000     0.000182   0.000000   )
     freq (   13) =       2.344302 [THz] =      78.197491 [cm-1]
 (  0.008666   0.000000     0.000057   0.000000    -0.000000   0.000000   )
 (  0.567036   0.000000     0.003737   0.000000    -0.000000   0.000000   )
 ( -0.802372   0.000000     0.000866   0.000000     0.000000   0.000000   )
 (  0.131437   0.000000     0.000866   0.000000     0.000000   0.000000   )
 (  0.131437   0.000000    -0.005288   0.000000     0.000000   0.000000   )
     freq (   14) =       2.344302 [THz] =      78.197491 [cm-1]
 (  0.000057   0.000000    -0.008666   0.000000    -0.000000   0.000000   )
 (  0.003737   0.000000    -0.567036   0.000000    -0.000000   0.000000   )
 ( -0.005288   0.000000    -0.131437   0.000000    -0.000000   0.000000   )
 (  0.000866   0.000000    -0.131437   0.000000     0.000000   0.000000   )
 (  0.000866   0.000000     0.802372   0.000000    -0.000000   0.000000   )
     freq (   15) =       2.344302 [THz] =      78.197491 [cm-1]
 (  0.000000   0.000000    -0.000000   0.000000     0.008666   0.000000   )
 (  0.000000   0.000000    -0.000000   0.000000     0.567048   0.000000   )
 ( -0.000000   0.000000    -0.000000   0.000000     0.131440   0.000000   )
 (  0.000000   0.000000    -0.000000   0.000000    -0.802389   0.000000   )
 (  0.000000   0.000000     0.000000   0.000000     0.131440   0.000000   )
 **************************************************************************
