 Warning: Only a single CPU will be used!

     Program TDDFPT_PP v.7.2 starts on 11Mar2024 at  8: 5:25 

     This program is part of the open-source Quantum ESPRESSO suite
     for quantum simulation of materials; please cite
         "P. Giannozzi et al., J. Phys.:Condens. Matter 21 395502 (2009);
         "P. Giannozzi et al., J. Phys.:Condens. Matter 29 465901 (2017);
         "P. Giannozzi et al., J. Chem. Phys. 152 154105 (2020);
          URL http://www.quantum-espresso.org", 
     in publications or presentations arising from this work. More details at
     http://www.quantum-espresso.org/quote

     Parallel version (MPI), running on     1 processors

     MPI processes distributed on     1 nodes
     427571 MiB available memory on the printing compute node when the environment starts


     Reading   2000 Lanczos steps
       2000 steps will be considered

     Lanczos coefficients:
     Average =    10.08518249
     Average oscillation amplitude =     0.03242370

     Data ready, starting to calculate observables...

     Broadening =      0.03500000 Ry

     Output file name for the susceptibility: Sieels.plot_chi.dat

     Functions are reported in \hbar.\omega  Energy unit is (eV)

     Output file name for the inverse and direct dielectric function: Sieels.plot_eps.dat

     The f-sum rule is given by Eq.(6) in Comput. Phys. Commun. 196, 460 (2015).
     Integration in the range from   0.00 to  50.00 eV.
     The number of valence (and semicore) electrons in the unit cell:   7.11
     The exact number of electrons:   8.00
     The violation of the f-sum rule:  11.10 %

     TDDFPT_PP    :      1.63s CPU      1.65s WALL


   This run was terminated on:   8: 5:26  11Mar2024            

=------------------------------------------------------------------------------=
   JOB DONE.
=------------------------------------------------------------------------------=
